#
# There is insufficient memory for the Java Runtime Environment to continue.
# Native memory allocation (mmap) failed to map 190840832 bytes. Error detail: G1 virtual space
# Possible reasons:
#   The system is out of physical RAM or swap space
#   This process is running with CompressedOops enabled, and the Java Heap may be blocking the growth of the native heap
# Possible solutions:
#   Reduce memory load on the system
#   Increase physical memory or swap space
#   Check if swap backing store is full
#   Decrease Java heap size (-Xmx/-Xms)
#   Decrease number of Java threads
#   Decrease Java thread stack sizes (-Xss)
#   Set larger code cache with -XX:ReservedCodeCacheSize=
#   JVM is running with Zero Based Compressed Oops mode in which the Java heap is
#     placed in the first 32GB address space. The Java Heap base address is the
#     maximum limit for the native heap growth. Please use -XX:HeapBaseMinAddress
#     to set the Java Heap base and to place the Java Heap above 32GB virtual address.
# This output file may be truncated or incomplete.
#
#  Out of Memory Error (os_windows.cpp:3618), pid=3000, tid=14632
#
# JRE version:  (17.0.14+7) (build )
# Java VM: OpenJDK 64-Bit Server VM (17.0.14+7, mixed mode, sharing, tiered, compressed oops, compressed class ptrs, g1 gc, windows-amd64)
# No core dump will be written. Minidumps are not enabled by default on client versions of Windows
#

---------------  S U M M A R Y ------------

Command Line: -XX:+ShowCodeDetailsInExceptionMessages DeveloperInfo

Host: AMD Ryzen 5 4500U with Radeon Graphics         , 6 cores, 11G,  Windows 11 , 64 bit Build 26100 (10.0.26100.3037)
Time: Wed Feb 19 03:49:40 2025 SE Asia Standard Time elapsed time: 0.180124 seconds (0d 0h 0m 0s)

---------------  T H R E A D  ---------------

Current thread (0x0000020831368290):  JavaThread "Unknown thread" [_thread_in_vm, id=14632, stack(0x000000e51f400000,0x000000e51f500000)]

Stack: [0x000000e51f400000,0x000000e51f500000]
Native frames: (J=compiled Java code, j=interpreted, Vv=VM code, C=native code)
V  [jvm.dll+0x682eb9]
V  [jvm.dll+0x8399c8]
V  [jvm.dll+0x83b473]
V  [jvm.dll+0x83bae3]
V  [jvm.dll+0x24715f]
V  [jvm.dll+0x67fc99]
V  [jvm.dll+0x674b8a]
V  [jvm.dll+0x304c06]
V  [jvm.dll+0x30c0c6]
V  [jvm.dll+0x35dc3e]
V  [jvm.dll+0x35de7d]
V  [jvm.dll+0x2dbfcc]
V  [jvm.dll+0x2dcee4]
V  [jvm.dll+0x80b8db]
V  [jvm.dll+0x36b671]
V  [jvm.dll+0x7ea2cf]
V  [jvm.dll+0x3f226f]
V  [jvm.dll+0x3f3da1]
C  [jli.dll+0x5278]
C  [ucrtbase.dll+0x37b0]
C  [KERNEL32.DLL+0x2e8d7]
C  [ntdll.dll+0xbbf2c]


---------------  P R O C E S S  ---------------

Threads class SMR info:
_java_thread_list=0x00007ffc29767f58, length=0, elements={
}

Java Threads: ( => current thread )

Other Threads:
  0x00000208313bd270 GCTaskThread "GC Thread#0" [stack: 0x000000e51f500000,0x000000e51f600000] [id=14132]
  0x00000208313c9690 ConcurrentGCThread "G1 Main Marker" [stack: 0x000000e51f600000,0x000000e51f700000] [id=6212]
  0x00000208313cac80 ConcurrentGCThread "G1 Conc#0" [stack: 0x000000e51f700000,0x000000e51f800000] [id=14796]

[error occurred during error reporting (printing all threads), id 0xc0000005, EXCEPTION_ACCESS_VIOLATION (0xc0000005) at pc=0x00007ffc28f1caf7]

VM state: not at safepoint (not fully initialized)

VM Mutex/Monitor currently owned by a thread:  ([mutex/lock_event])
[0x0000020831360a80] Heap_lock - owner thread: 0x0000020831368290

Heap address: 0x000000074a200000, size: 2910 MB, Compressed Oops mode: Zero based, Oop shift amount: 3

CDS archive(s) mapped at: [0x0000000000000000-0x0000000000000000-0x0000000000000000), size 0, SharedBaseAddress: 0x0000000800000000, ArchiveRelocationMode: 1.
Narrow klass base: 0x0000000000000000, Narrow klass shift: 0, Narrow klass range: 0x0

GC Precious Log:
<Empty>

Heap:
 garbage-first heap   total 0K, used 0K [0x000000074a200000, 0x0000000800000000)
  region size 2048K, 0 young (0K), 0 survivors (0K)

[error occurred during error reporting (printing heap information), id 0xc0000005, EXCEPTION_ACCESS_VIOLATION (0xc0000005) at pc=0x00007ffc2930c619]

GC Heap History (0 events):
No events

Dll operation events (1 events):
Event: 0.016 Loaded shared library C:\Program Files\Eclipse Adoptium\jdk-17.0.14.7-hotspot\bin\java.dll

Deoptimization events (0 events):
No events

Classes loaded (0 events):
No events

Classes unloaded (0 events):
No events

Classes redefined (0 events):
No events

Internal exceptions (0 events):
No events

VM Operations (0 events):
No events

Memory protections (0 events):
No events

Nmethod flushes (0 events):
No events

Events (0 events):
No events


Dynamic libraries:
0x00007ff708d70000 - 0x00007ff708d7e000 	C:\Program Files\Eclipse Adoptium\jdk-17.0.14.7-hotspot\bin\java.exe
0x00007ffc772c0000 - 0x00007ffc77523000 	C:\WINDOWS\SYSTEM32\ntdll.dll
0x00007ffc75660000 - 0x00007ffc75727000 	C:\WINDOWS\System32\KERNEL32.DLL
0x00007ffc74950000 - 0x00007ffc74d17000 	C:\WINDOWS\System32\KERNELBASE.dll
0x00007ffc74de0000 - 0x00007ffc74f2c000 	C:\WINDOWS\System32\ucrtbase.dll
0x00007ffc6f810000 - 0x00007ffc6f827000 	C:\Program Files\Eclipse Adoptium\jdk-17.0.14.7-hotspot\bin\jli.dll
0x00007ffc6f670000 - 0x00007ffc6f68e000 	C:\Program Files\Eclipse Adoptium\jdk-17.0.14.7-hotspot\bin\VCRUNTIME140.dll
0x00007ffc75db0000 - 0x00007ffc75f79000 	C:\WINDOWS\System32\USER32.dll
0x00007ffc5c410000 - 0x00007ffc5c6a0000 	C:\WINDOWS\WinSxS\amd64_microsoft.windows.common-controls_6595b64144ccf1df_6.0.26100.3037_none_3e09262ce333c378\COMCTL32.dll
0x00007ffc74db0000 - 0x00007ffc74dd7000 	C:\WINDOWS\System32\win32u.dll
0x00007ffc76290000 - 0x00007ffc76339000 	C:\WINDOWS\System32\msvcrt.dll
0x00007ffc77250000 - 0x00007ffc7727a000 	C:\WINDOWS\System32\GDI32.dll
0x00007ffc74fd0000 - 0x00007ffc750fb000 	C:\WINDOWS\System32\gdi32full.dll
0x00007ffc748a0000 - 0x00007ffc74943000 	C:\WINDOWS\System32\msvcp_win.dll
0x00007ffc75f80000 - 0x00007ffc75faf000 	C:\WINDOWS\System32\IMM32.DLL
0x00007ffc6cc00000 - 0x00007ffc6cc0c000 	C:\Program Files\Eclipse Adoptium\jdk-17.0.14.7-hotspot\bin\vcruntime140_1.dll
0x00007ffc6b360000 - 0x00007ffc6b3ed000 	C:\Program Files\Eclipse Adoptium\jdk-17.0.14.7-hotspot\bin\msvcp140.dll
0x00007ffc28c30000 - 0x00007ffc2989b000 	C:\Program Files\Eclipse Adoptium\jdk-17.0.14.7-hotspot\bin\server\jvm.dll
0x00007ffc763a0000 - 0x00007ffc76454000 	C:\WINDOWS\System32\ADVAPI32.dll
0x00007ffc75cd0000 - 0x00007ffc75d76000 	C:\WINDOWS\System32\sechost.dll
0x00007ffc75fd0000 - 0x00007ffc760e6000 	C:\WINDOWS\System32\RPCRT4.dll
0x00007ffc77020000 - 0x00007ffc77094000 	C:\WINDOWS\System32\WS2_32.dll
0x00007ffc744f0000 - 0x00007ffc7453e000 	C:\WINDOWS\SYSTEM32\POWRPROF.dll
0x00007ffc6a020000 - 0x00007ffc6a056000 	C:\WINDOWS\SYSTEM32\WINMM.dll
0x00007ffc6c770000 - 0x00007ffc6c77b000 	C:\WINDOWS\SYSTEM32\VERSION.dll
0x00007ffc744d0000 - 0x00007ffc744e4000 	C:\WINDOWS\SYSTEM32\UMPDC.dll
0x00007ffc73490000 - 0x00007ffc734aa000 	C:\WINDOWS\SYSTEM32\kernel.appcore.dll
0x00007ffc6b350000 - 0x00007ffc6b35a000 	C:\Program Files\Eclipse Adoptium\jdk-17.0.14.7-hotspot\bin\jimage.dll
0x00007ffc71fc0000 - 0x00007ffc72201000 	C:\WINDOWS\SYSTEM32\DBGHELP.DLL
0x00007ffc75730000 - 0x00007ffc75aae000 	C:\WINDOWS\System32\combase.dll
0x00007ffc75350000 - 0x00007ffc75426000 	C:\WINDOWS\System32\OLEAUT32.dll
0x00007ffc0cbd0000 - 0x00007ffc0cc09000 	C:\WINDOWS\SYSTEM32\dbgcore.DLL
0x00007ffc74f30000 - 0x00007ffc74fc9000 	C:\WINDOWS\System32\bcryptPrimitives.dll
0x00007ffc6b320000 - 0x00007ffc6b345000 	C:\Program Files\Eclipse Adoptium\jdk-17.0.14.7-hotspot\bin\java.dll

dbghelp: loaded successfully - version: 4.0.5 - missing functions: none
symbol engine: initialized successfully - sym options: 0x614 - pdb path: .;C:\Program Files\Eclipse Adoptium\jdk-17.0.14.7-hotspot\bin;C:\WINDOWS\SYSTEM32;C:\WINDOWS\WinSxS\amd64_microsoft.windows.common-controls_6595b64144ccf1df_6.0.26100.3037_none_3e09262ce333c378;C:\Program Files\Eclipse Adoptium\jdk-17.0.14.7-hotspot\bin\server

VM Arguments:
jvm_args: -XX:+ShowCodeDetailsInExceptionMessages 
java_command: DeveloperInfo
java_class_path (initial): C:\Users\Lenovo\OneDrive - Bina Nusantara\Satu university\semester 2\04 pemrograman beroerientasi objek\project\week 1\testing\bin
Launcher Type: SUN_STANDARD

[Global flags]
     intx CICompilerCount                          = 3                                         {product} {ergonomic}
     uint ConcGCThreads                            = 2                                         {product} {ergonomic}
     uint G1ConcRefinementThreads                  = 6                                         {product} {ergonomic}
   size_t G1HeapRegionSize                         = 2097152                                   {product} {ergonomic}
    uintx GCDrainStackTargetSize                   = 64                                        {product} {ergonomic}
   size_t InitialHeapSize                          = 190840832                                 {product} {ergonomic}
   size_t MarkStackSize                            = 4194304                                   {product} {ergonomic}
   size_t MaxHeapSize                              = 3051356160                                {product} {ergonomic}
   size_t MinHeapDeltaBytes                        = 2097152                                   {product} {ergonomic}
   size_t MinHeapSize                              = 8388608                                   {product} {ergonomic}
    uintx NonNMethodCodeHeapSize                   = 5832780                                {pd product} {ergonomic}
    uintx NonProfiledCodeHeapSize                  = 122912730                              {pd product} {ergonomic}
    uintx ProfiledCodeHeapSize                     = 122912730                              {pd product} {ergonomic}
    uintx ReservedCodeCacheSize                    = 251658240                              {pd product} {ergonomic}
     bool SegmentedCodeCache                       = true                                      {product} {ergonomic}
     bool ShowCodeDetailsInExceptionMessages       = true                                   {manageable} {command line}
   size_t SoftMaxHeapSize                          = 3051356160                             {manageable} {ergonomic}
     bool UseCompressedClassPointers               = true                           {product lp64_product} {ergonomic}
     bool UseCompressedOops                        = true                           {product lp64_product} {ergonomic}
     bool UseG1GC                                  = true                                      {product} {ergonomic}
     bool UseLargePagesIndividualAllocation        = false                                  {pd product} {ergonomic}

Logging:
Log output configuration:
 #0: stdout all=warning uptime,level,tags
 #1: stderr all=off uptime,level,tags

Environment Variables:
JAVA_HOME=C:\Program Files\Eclipse Adoptium\jdk-17.0.14.7-hotspot\
PATH=C:\Program Files\Eclipse Adoptium\jdk-17.0.14.7-hotspot\bin;C:\WINDOWS\system32;C:\WINDOWS;C:\WINDOWS\System32\Wbem;C:\WINDOWS\System32\WindowsPowerShell\v1.0\;C:\WINDOWS\System32\OpenSSH\;C:\Program Files\Git\cmd;C:\Program Files\nodejs\;C:\Program Files (x86)\Windows Kits\10\Windows Performance Toolkit\;C:\xampp\php;C:\ProgramData\ComposerSetup\bin;C:\Users\Lenovo\AppData\Local\Microsoft\WindowsApps;C:\Users\Lenovo\AppData\Local\Programs\Microsoft VS Code\bin;C:\Users\Lenovo\AppData\Roaming\npm;C:\flutter\bin;C:\Users\Lenovo\AppData\Roaming\Composer\vendor\bin;C:\personal-aisyah\mysql\bin;;%USERPROFILE%\AppData\Local\Microsoft\WindowsApps
USERNAME=Lenovo
LANG=en_US.UTF-8
OS=Windows_NT
PROCESSOR_IDENTIFIER=AMD64 Family 23 Model 96 Stepping 1, AuthenticAMD
TMP=C:\Users\Lenovo\AppData\Local\Temp
TEMP=C:\Users\Lenovo\AppData\Local\Temp



Periodic native trim disabled


---------------  S Y S T E M  ---------------

OS:
 Windows 11 , 64 bit Build 26100 (10.0.26100.3037)
OS uptime: 0 days 21:14 hours

CPU: total 6 (initial active 6) (6 cores per cpu, 1 threads per core) family 23 model 96 stepping 1 microcode 0x8600106, cx8, cmov, fxsr, mmx, 3dnowpref, sse, sse2, sse3, ssse3, sse4a, sse4.1, sse4.2, popcnt, lzcnt, tsc, tscinvbit, avx, avx2, aes, clmul, bmi1, bmi2, adx, sha, fma, vzeroupper, clflush, clflushopt
Processor Information for all 6 processors :
  Max Mhz: 2375, Current Mhz: 2375, Mhz Limit: 2375

Memory: 4k page, system-wide physical 11638M (3177M free)
TotalPageFile size 11638M (AvailPageFile size 83M)
current process WorkingSet (physical memory assigned to process): 12M, peak: 12M
current process commit charge ("private bytes"): 56M, peak: 238M

vm_info: OpenJDK 64-Bit Server VM (17.0.14+7) for windows-amd64 JRE (17.0.14+7), built on Jan 21 2025 23:40:15 by "admin" with MS VC++ 17.7 (VS2022)

END.
